<?xml version="1.0" encoding="UTF-8"?>
<testsuite xmlns:xsi="http://www.w3.org/2001/XMLSchema-instance" xsi:noNamespaceSchemaLocation="https://maven.apache.org/surefire/maven-surefire-plugin/xsd/surefire-test-report-3.0.xsd" version="3.0" name="com.sta.biometric.servicios.ObservadorSecuenciaFichadasServiceTest" time="0.061" tests="12" errors="0" skipped="0" failures="0">
  <properties>
[...]
</properties>
  <testcase name="testEntradaSinSalida" classname="com.sta.biometric.servicios.ObservadorSecuenciaFichadasServiceTest" time="0.027"/>
  <testcase name="testSecuenciaEstandar" classname="com.sta.biometric.servicios.ObservadorSecuenciaFichadasServiceTest" time="0.001"/>
  <testcase name="testPausaInicioPausaFinSinSalida" classname="com.sta.biometric.servicios.ObservadorSecuenciaFichadasServiceTest" time="0.002"/>
  <testcase name="testDobleEntrada" classname="com.sta.biometric.servicios.ObservadorSecuenciaFichadasServiceTest" time="0.001"/>
  <testcase name="testJornadaNocturna" classname="com.sta.biometric.servicios.ObservadorSecuenciaFichadasServiceTest" time="0.001"/>
  <testcase name="testJornadaConPausas" classname="com.sta.biometric.servicios.ObservadorSecuenciaFichadasServiceTest" time="0.001"/>
  <testcase name="testDobleSalida" classname="com.sta.biometric.servicios.ObservadorSecuenciaFichadasServiceTest" time="0.0"/>
  <testcase name="testEntradaSalidaEntrada" classname="com.sta.biometric.servicios.ObservadorSecuenciaFichadasServiceTest" time="0.001"/>
  <testcase name="testAuditoriaNula" classname="com.sta.biometric.servicios.ObservadorSecuenciaFichadasServiceTest" time="0.002"/>
  <testcase name="testSalidaSinEntrada" classname="com.sta.biometric.servicios.ObservadorSecuenciaFichadasServiceTest" time="0.001"/>
  <testcase name="testCantidadImparFichadas" classname="com.sta.biometric.servicios.ObservadorSecuenciaFichadasServiceTest" time="0.001"/>
  <testcase name="testImportacionesDuplicados" classname="com.sta.biometric.servicios.ObservadorSecuenciaFichadasServiceTest" time="0.001"/>
</testsuite>